###################################################################################################################################.###############################################################################################################################.###############################.#########################
###################################################################################################################################.###############################################################################################################################.###############################.#########################
###################################################################################################################################.##############################################################################################################################.################################.#########################
####################################################################################################################################.############################################################################################################################.#################################.#########################
#####################################################################################################################################.##########################################################################################################################.##################################.#########################
######################################################################################################################################.########################################################################################################################.###################################.#########################
#######################################################################################################################################.######################################################################################################################.####################################.#########################
########################################################################################################################################.####################################################################################################################.#####################################.#########################
#########################################################################################################################################.##################################################################################################################.######################################.#########################
##########################################################################################################################################.################################################################################################################.#######################################.#########################
###########################################################################################################################################.##############################################################################################################.########################################.#########################
############################################################################################################################################.############################################################################################################.#########################################.#########################
#############################################################################################################################################.##########################################################################################################.##########################################.#########################
##############################################################################################################################################.########################################################################################################.###########################################.#########################
###############################################################################################################################################.######################################################################################################.############################################.#########################
################################################################################################################################################.####################################################################################################.#############################################.#########################
#################################################################################################################################################.##########################.###########################################################.##############################################.#########################
##################################################################################################################################################.########################.#########################################################.###############################################.#########################
##################################################################################################################################################.#######################.#######################################################.################################################.#########################
##################################################################################################################################################.######################.#####################################################.#################################################.#########################
##################################################################################################################################################.#####################.###################################################.##################################################.#########################
##################################################################################################################################################.####################.#################################################.###################################################.#########################
##################################################################################################################################################.###################.###############################################.####################################################.#########################
##################################################################################################################################################.##################.#############################################.#####################################################.#########################
##################################################################################################################################################.#################.###########################################.######################################################.#########################
##################################################################################################################################################.################.#########################################.#######################################################.#########################
##############################################################################################.####################################.#######################################.########################################################.#########################
##############################################################################################.##################################.####################################..#########################################################.#########################
##############################################################################################.################################.##################################..#########################################################.#########################
##############################################################################################.##############################.################################..#########################################################.#########################
##############################################################################################.############################.##############################..#########################################################.#########################
##############################################################################################.##########################.############################..#########################################################.#########################
##############################################################################################...##########################..#########################################################.#########################
##############################################################################################...########################..#########################################################.#########################
##############################################################################################...######################..#########################################################.#########################
##############################################################################################...####################..##########################################################.########################
##############################################################################################.......................#########################################################.########################
#############################################################################################....########################################################.########################
############################################################################################....#######################################################.########################
###########################################################################################..i..######################################################.########################
##########################################################################################.r...#####################################################.########################
##########################################################################################....####################################################.########################
##########################################################################################....###################################################.########################
##########################################################################################.uuuuuuuuuuuuuuuuuuuuuuuuuuu..##################################################.########################
##########################################################################################.uuuuuuuuuuuuuuuuuuuuuuuuuuuuu..#################################################.########################
##########################################################################################.uuuuuuuuuuuuuuuuuuuuuuuuuuuuuuu..################################################.########################
##########################################################################################.uuuuuuuuuuuuuuuuuuuuuuuuuuuuuuuuu..###############################################.########################
##########################################################################################.uuuuuuuuuuuuuuuuuuuuuuuuuuuuuuuuuuu..##############################################.########################
##########################################################################################.uuuuuuuuuuuuuuuuuuuuuuuuuuuuuuuuuuuuuuuuuuuuuuuuuuuuuuuuuuuuuuuuuuuuuuuuuuuuuuu.#############################################.########################
##########################################################################################.uuuuuuuuuuuuuuuuuuuuuuuuuuuuuuuuuuuuuuuuuuuuuuuuuuuuuuuuuuuuuuuuuuuuuuuuuuuuuuuu.############################################.########################
##########################################################################################.uuuuuuuuuuuuuuuuuuuuuuuuuuuuuuuuuuuuuuuuuuuuuuuuuuuuuuuuuuuuuuuuuuuuuuuuuuuuuuuuu.###########################################.########################
##########################################################################################.uuuuuuuuuuuuuuuuuuuuuuuuuuuuuuuuuuUuuuuuuuuuuuuuuuuuuuuuuuuuuuuuuuuuuuuuuuuuuuuuuu.##########################################.########################
##########################################################################################.uuuuuuuuuuuuuuuuuuuuuuuuuuuuuuuuuuuuuuuuuuuuuuuuuuuuuuuuuuuuuuuuuuuuuuuuuuuuuuuuu.#########################################.########################
##########################################################################################.uuuuuuuuuuuuuuuuuuuuuuuuuuuuuuuuuuuuuuuuuuuuuuuuuuuuuuuuuuuuuuuuuuuuuuuuuuuuuuuu.########################################.########################
##########################################################################################.uuuuuuuuuuuuuuuuuuuuuuuuuuuuuuuuuuuuuuuuuuuuuuuuuuuuuuuuuuuuuuuuuuuuuuuuuuu.....#######################################.########################
##########################################################################################.uuuuuuuuuuuuuuuuuuuuuuuuuuuuuuuuuuuuuuuuuuuuuuuuuuuuuuuuuuuuuuuuuuuuuuuuuu..######################################.########################
##########################################################################################.uuuuuuuuuuuuuuuuuuuuuuuuuuuuuuuuuuuuuuuuuuuuuuuuuuuuuuuuuuuuuuuuuuuuuuuuu..#####################################.########################
##########################################################################################.uuuuuuuuuuuuuuuuuuuuuuuuuuuuuuuuuuuuuuuuuuuuuuuuuuuuuuuuuuuuuuuuuuuuuuuu..####################################.########################
##########################################################################################.uuuuuuuuuuuuuuuuuuuuuuuuuuuuuuuuuuuuuuuuuuuuuuuuuuuuuuuuuuuuuuuuuuuuuuu..###################################.########################
##########################################################################################.uuuuuuuuuuuuuuuuuuuuuuuuuuuuuuuuuuuuuuuuuuuuuuuuuuuuuuuuuuuuuuuuuuuuuu..##################################.########################
##########################################################################################.uuuuuuuuuuuuuuuuuuuuuuuuuuuuuuuuuuuuuuuuuuuuuuuuuuuuuuuuuuuuuuuuuuuuu..#################################.########################
##########################################################################################.uuuuuuuuuuuuuuuuuuuuuuuuuuuuuuuuuuuuuuuuuuuuuuuuuuuuuuuuuuuuuuuuuuuu..################################.########################
##########################################################################################.uuuuuuuuuuuuuuuuuuuuuuuuuuuuuuuuuuuuuuuuuuuuuuuuuuuuuuuuuuuuuuuuuuu.################################.########################
##########################################################################################.uuuuuuuuuuuuuuuuuuuuuuuuuuuuuuuuuuuuuuuuuuuuuuuuuuuuuuuuuuuuuuuuuu.################################.########################
##########################################################################################.uuuuuuuuuuuuuuuuuuuuuuuuuuuuuuuuuuuuuuuuuuuuuuuuuuuuuuuuuuuuuuuuu.################################.########################
##########################################################################################.uuuuuuuuuuuuuuuuuuuuuuuuuuuuuuuuuuuuuuuuuuuuuuuuuuuuuuuuuuuuuuuu.################################.########################
##########################################################################################.uuuuuuuuuuuuuuuuuuuuuuuuuuuuuuuuuuuuuuuuuuuuuuuuuuuuuuuuuuuuuuu.################################.########################
##########################################################################################.uuuuuuuuuuuuuuuuuuuuuuuuuuuuuuuuuuuuuuuuuuuuuuuuuuuuuuuuuuuuuu.################################.########################
##########################################################################################.uuuuuuuuuuuuuuuuuuuuuuuuuuuuuuuuuuuuuuuuuuuuuuuuuuuuuuuuuuuuu.################################.########################
##########################################################################################.uuuuuuuuuuuuuuuuuuuuuuuuuuuuuuuuuuuuuuuuuuuuuuuuuuuuuuuuuuuu.################################.########################
##########################################################################################.uuuuuuuuuuuuuuuuuuuuuuuuuuuuuuuuuuuuuuuuuuuuuuuuuuuuuuuuuuu.################################.########################
##########################################################################################.uuuuuuuuuuuuuuuuuuuuuuuuuuuuuuuuuuuuuuuuuuuuuuuuuuuuuuuuuu.################################.########################
##########################################################################################.uuuuuuuuuuuuuuuuuuuuuuuuuuuuuuuuuuuuuuuuuuuuuuuuuuuuuuuuu.################################.########################
##########################################################################################.uuuuuuuuuuuuuuuuuuuuuuuuuuuuuuuuuuuuuuuuuuuuuuuuuuuuuuuu.################################.########################
##########################################################################################.uuuuuuuuuuuuuuuuuuuuuuuuuuuuuuuuuuuuuuuuuuuuuuuuuuuuuuu.################################.########################
##########################################################################################.uuuuuuuuuuuuuuuuuuuuuuuuuuuuuuuuuuuuuuuuuuuuuuuuuuuuuu.################################.########################
##########################################################################################.uuuuuuuuuuuuuuuuuuuuuuuuuuuuuuuuuuuuuuuuuuuuuuuuuuuuu.################################.########################
##########################################################################################.uuuuuuuuuuuuuuuuuuuuuuuuuuuuuuuuuuuuuuuuuuuuuuuuuuuu.################################.########################
##########################################################################################.uuuuuuuuuuuuuuuuuuuuuuuuuuuuuuuuuuuuuuuuuuuuuuuuuuu.################################.########################
##########################################################################################.uuuuuuuuuuuuuuuuuuuuuuuuuuuuuuuuuuu#########################################################
##########################################################################################..#########################################################
##########################################################################################..m#########################################################
##########################################################################################..##########################################################
##########################################################################################..###########################################################
##########################################################################################..############################################################
##########################################################################################..#############################################################
##########################################################################################..##############################################################
##########################################################################################..###############################################################
##########################################################################################.################################################################
#########################################################################################.#################################################################
########################################################################################.##################################################################
#######################################################################################.###################################################################
##########################################################################################################################################################
##########################################################################################################################################################
##########################################################################################################################################################
##########################################################################################################################################################
##########################################################################################################################################################
##########################################################################################################################################################
################################################################################k##########################################################################
##########################################################################################################################################################
##########################################################################################################################################################
##########################################################################################################################################################
##########################################################################################################################################################
################################################.###############################################################################
###############################################.################################################################################
##############################################.mmmmmmmmmmmmmmmmm.#################################################################################
#############################################.mmmmmmmmmmmmmmmmmmm.#################################################################################
############################################.emmmmmmmmmmmmmmmmmmmmm.#################################################################################
###########################################.mmmmmmmmmmmmmmmmmmmmmmm....#################################################################################
##########################################..mmmmmmmmmmmmmmmmmmmmmmmmmmmmmmmmmmmmmmmmmmmm################################################################################
#########################################..mmmmmmmmmmmmmmmmmmmmmmmmmmmmmmmmmmmmmmmmmmmmmm###############################################################################
########################################..mmmmmmmmmmmmmmmmmmmmmmmmmmmmmmmmmmmmmmmmmmmmmmmm##############################################################################
#######################################..llllllllll.mmmmmmmmmmmmmmmmmmmmmmmmmmmmmmmmmmmmmmmmmmmmmmmmmm#############################################################################
..####################################..lllllllllll.mmmmmmmmmmmmmmmmmmmmmmmmmmmmmmmmmmmmmmmmmmmmmmmmmmmm############################################################################
##.##################################..lllllllllll.qqqqqqqqqqqqqqqqqqqqqqqqqqq.mmmmmmmmmmmmmmmmmmmmmmmmmmmmmmmmmmmmmmmmmmmmmmmmmmmmmm###########################################################################
###.################################..lllllllllll.qqqqqqqqqqqqqqqqqqqqqqqqqqqq.mmmmmmmmmmmmmmmmmmmmmmmmmMmmmmmmmmmmmmmmmmmmmmmmmmmmmmmm##########################################################################
####.##############################..lllllllllll.qqqqqqqqqqqqqqqqqqqqqqqqqqqqq.mmmmmmmmmmmmmmmmmmmmmmmmmmmmmmmmmmmmmmmmmmmmmmmmmmmmmmmm##########################################################################
#####.############################..lllllllllll.qqqqqqqqqqqqqqqqqqqqqqqqqqqqqq.mmmmmmmmmmmmmmmmmmmmmmmmmmmmmmmmmmmmmmmmmmmmmmmmmmmmmmmm##########################################################################
######.##########################..lllllllllll.qqqqqqqqqqqqqqqqqqqqqqqqqqqqqqqqqqqqqqqqqqqqqqqqqmmmmmmmmmmmmmmmmmmmmmmmmmmmmmmmmmmmmmmmmmmmmmmmmmmmmmmmm##########################################################################
#######.########################..lllllllllll.qqqqqqqqqqqqqqqqqqqqqqqqqqqqqqqqqqqqqqqqqqqqqqqqqqmmmmmmmmmmmmmmmmmmmmmmmmmmmmmmmmmmmmmmmmmmmmmmmmmmmmmmm##########################################################################
########.######################..lllllllllll.qqqqqqqqqqqqqqqqqqqqqqqqqqqqqqqqqqqqqqqqqqqqqqqqqqqmmmmmmmmmmmmmmmmmmmmmmmmmmmmmmmmmmmmmmmmmmmmmmmmmmmmmm#################################.........................................
#########.####################..lllllllllll.qqqqqqqqqqqqqqqqqqqqqqqqqqqqqqqqqqqqqqqqqqqqqqqqqqqqmmmmmmmmmmmmmmmmmmmmmmmmmmmmmmmmmmmmmmmmmmmmmmmmmmmmm################################.#########################################
##########.##################..lllllllllll.qqqqqqqqqqqqqqqqqqqqqqqqqqqqqqqqqqqqqqqqqqqqqqqqqqqqqmmmmmmmmmmmmmmmmmmmmmmmmmmmmmmmmmmmmmmmmmmmmmmmmmmmm###############################.##########################################
###########.################..lllllllllll.qqqqqqqqqqqqqqqqqqqqqqqqqqqqqqqqqqqqqqqqqqqqqqqqqqqqqqmmmmmmmmmmmmmmmmmmmmmmmmmmmmmmmmmmmmmmmmmmmmmmmmmmm##############################.###########################################
############.##############..lllllllllll.qqqqqqqqqqqqqqqqqqqqqqqqqqQqqqqqqqqqqqqqqqqqqqqqqqqqqqqmmmmmmmmmmmmmmmmmmmmmmmmmmmmmmmmmmmmmmmmmmmmmmmmmm#############################.############################################
#############.############..llllllllllll.qqqqqqqqqqqqqqqqqqqqqqqqqqqqqqqqqqqqqqqqqqqqqqqqqqqqqqmmmmmmmmmmmmmmmmmmmmmmmmmmmmmmmmmmmmmmmmmmmmmmmmmm############################.#############################################
##############.##########..lllllllllllll.qqqqqqqqqqqqqqqqqqqqqqqqqqqqqqqqqqqqqqqqqqqqqqqqqqqqqmmmmmmmmmmmmmmmmmmmmmmmmmmmmmmmmmmmmmmmmmmmmmmmmmm###########################.##############################################
###############...........llllllllllllll.qqqqqqqqqqqqqqqqqqqqqqqqqqqqqqqqqqqqqqqqqqqqqqqqqqqqmmmmmmmmmmmmmmmmmmmmmmmmmmmmmmmmmmmmmmmmmmmmmmmmmm##########################.###############################################
########################..lllllllllllllll.qqqqqqqqqqqqqqqqqqqqqqqqqqqqqqqqqqqqqqqqqqqqqqqqqqqmmmmmmmmmmmmmmmmmmmmmmmmmmmmmmmmmmmmmmmmmmmmmmmmmm#########################.################################################
########################..llllllllllllllll.qqqqqqqqqqqqqqqqqqqqqqqqqqqqqqqqqqqqqqqqqqqqqqqqqqmmmmmmmmmmmmmmmmmmmmmmmmmmmmmmmmmmmmmmmmmmmmmmmmmm########################.#################################################
########################..lllllllllllllllll.qqqqqqqqqqqqqqqqqqqqqqqqqqqqqqqqqqqqqqqqqqqqqqqqqmmmmmmmmmmmmmmmmmmmmmmmmmmmmmmmmmmmmmmmmmmmmmmmmmm#######################.##################################################
########################..llllllllllllllllll.qqqqqqqqqqqqqqqqqqqqqqqqqqqqqqqqqqqqqqqqqqqqqqqqmmmmmmmmmmmmmmmmmmmmmmmmmmmmmmmmmmmmmmmmmmmmmmmmmm######################.###################################################
########################..lllllllllllllllllll.qqqqqqqqqqqqqqqqqqqqqqqqqqqqqqqqqqqqqqqqqqqqqqqmmmmmmmmmmmmmmmmmmmmmmmmmmmmmmmmmmmmmmmmmmmmmmmmmm#####################.####################################################
########################..llllllllllllllllllll.qqqqqqqqqqqqqqqqqqqqqqqqqqqqqqqqqqqqqqqqqqqqqqmmmmmmmmmmmmmmmmmmmmmmmmmmmmmmmmmmmmmmmmmmmmmmmmmm.....................#####################################################
########################..lllllllllllllllllllll.qqqqqqqqqqqqqqqqqqqqqqqqqqqqqqqqqqqqqqqqqqqqqmmmmmmmmmmmmmmmmmmmmmmmmmmmmmmmmmmmmmmmmmmmmmmmmm###########################################################################
########################..llllllllllllllllllllll.qqqqqqqqqqqqqqqqqqqqqqqqqqqqqqqqqqqqqqqqqqqqmmmmmmmmmmmmmmmmmmmmmmmmmmmmmmmmmmmmmmmmmmmmmmmm############################################################################
########################..lllllllllllllllllllllll.qqqqqqqqqqqqqqqqqqqqqqqqqqqqqqqqqqqqqqqqqqqmmmmmmmmmmmmmmmmmmmmmmmmmmmmmmmmmm.############################################################################
########################..llllllllllllllllllllllll.qqqqqqqqqqqqqqqqqqqqqqqqqqqqqqqqqqqqqqqqqqmmmmmmmmmmmmmmmmmmmmmmmmmmmmmmmmm.############################################################################
########################..lllllllllllllllllllllllll.qqqqqqqqqqqqqqqqqqqqqqqqqqqqqqqqqqqqqqqqqmmmmmmmmmmmmmmmmmmmmmmmmmmmmmmmm.############################################################################
########################.o.llllllllllllllllllllllllll.qqqqqqqqqqqqqqqqqqqqqqqqqqqqqqqqqqqqqqqqmmmmmmmmmmmmmmmmmmmmmmmmmmmmmmm.############################################################################
#########################..llllllllllllllllllllllllllll.qqqqqqqqqqqqqqqqqqqqqqqqqqqqqqqqqqqqqqqmmmmmmmmmmmmmmmmmmmmmmmmmmmmmm.############################################################################
##########################..llllllllllllllllllllllllllllll.qqqqqqqqqqqqqqqqqqqqqqqqqqqqqqqqqqqqqqmmmmmmmmmmmmmmmmmmmmmmmmmmmmm.############################################################################
###########################..llllllllllllllllllllllllllllllll.qqqqqqqqqqqqqqqqqqqqqqqqqqqqqqqqqqqqqmmmmmmmmmmmmmmmmmmmmmmmmmmmm.############################################################################
############################.llllllllllllllllllllllllllllllllll.qqqqqqqqqqqqqqqqqqqqqqqqqqqqqqqqqqqqmmmmmmmmmmmmmmmmmmmmmmmmmmm.############################################################################
############################.llllllllllllllllllllllllllllllllllll.qqqqqqqqqqqqqqqqqqqqqqqqqqqqqqqqqqqmmmmmmmmmmmmmmmmmmmmmmmmmm.############################################################################
############################.llllllllllllllllllllllllllllllllllllll.qqqqqqqqqqqqqqqqqqqqqqqqqqqqqqqqqqmmmmmmmmmmmmmmmmmmmmmmmmm.############################################################################
############################..llllllllllllllllllllllllllllllllllllllll.qqqqqqqqqqqqqqqqqqqqqqqqqqqqqqqqqmmmmmmmmmmmmmmmmmmmmmmmm.############################################################################
############################...llllllllllllllllllllllllllllllllllllllllll.qqqqqqqqqqqqqqqqqqqqqqqqqqqqqqqqmmmmmmmmmmmmmmmmmmmmmmm.############################################################################
############################....llllllllllllllllllllllllllllllllllllllllllll.qqqqqqqqqqqqqqqqqqqqqqqqqqqqqqqmmmmmmmmmmmmmmmmmmmmmm.############################################################################
############################.....lllllllllllllllllllLllllllllllllllllllllllllll.qqqqqqqqqqqqqqqqqqqqqqqqqqqqqqmmmmmmmmmmmmmmmmmmmmm############################################################################
############################......llllllllllllllllllllllllllllllllllllllllllllll.qqqqqqqqqqqqqqqqqqqqqqqqqqqqqqmmmmmmmmmmmmmmmmmmmm############################################################################
############################.......llllllllllllllllllllllllllllllllllllllllllllll.qqqqqqqqqqqqqqqqqqqqqqqqqqqqq.###########################################################################
############################........llllllllllllllllllllllllllllllllllllllllllllll.qqqqqqqqqqqqqqqqqqqqqqqqqqqq.##########################################################################
############################.........llllllllllllllllllllllllllllllllllllllllllllll.qqqqqqqqqqqqqqqqqqqqqqqqqqq.#########################################################################
############################..........llllllllllllllllllllllllllllllllllllllllllllll.qqqqqqqqqqqqqqqqqqqqqqqqqq.########################################################################
############################...........llllllllllllllllllllllllllllllllllllllllllllll.qqqqqq#######################################################################
############################............llllllllllllllllllllllllllllllllllllllllllllll.qqqqq######################################################################
############################.............llllllllllllllllllllllllllllllllllllllllllllll.qqqq#####################################################################
############################..............llllllllllllllllllllllllllllllllllllllllllllll.qqq####################################################################
############################...............llllllllllllllllllllllllllllllllllllllllllllll.qq###################################################################
############################................llllllllllllllllllllllllllllllllllllllllllllll##################################################################
############################.................lllllllllllllllllllllllllllllllllllllllllllll#################################################################
############################..................llllllllllllllllllllllllllllllllllllllllllll################################################################
############################............................lllllllllllllllllllllllllllllllllllllllllll###############################################################
############################.............................lllllllllllllllllllllllllllllllllllllllll##############################################################
############################..............................lllllllllllllllllllllllllllllllllllllll#############################################################
############################n...............................lllllllllllllllllllllllllllllllllllll############################################################
#############################.lllllllllllllllllllllllllllllllllll###########################################################
##############################.lllllllllllllllllllllllllllllllll##########################################################
###############################.......................................................flllllllllllllllllllllllllllllll#########################################################
################################......................................................llllllllllllllllllllllllllllll########################################################
#################################.....................................................lllllllllllllllllllllllllllllc################..................#####################
##################################....................................................llllllllllllllllllllllllllll###############.~~~~~~~~~~~~~~~~~~#####################
###################################...................................................lllllllllllllllllllllllllll##############.~~~~~~~~~~~~~~~~~~~#####################
####################################..................................................llllllllllllllllllllllllll..............~~~~~~~~~~~~~~~~~~~~#####################
#####################################.................................................lllllllllllllllllllllllll.............~~~~~~~~~~~~~~~~~~~~~~#####################
######################################................................................llllllllllllllllllllllll..............~~~~~~~~~~~~~~~~~~~~~~#####################
#######################################...............................................lllllllllllllllllllllll...............~~~~~~~~~~~~~~~~~~~~~~#####################
########################################..............................................llllllllllllllllllllll................~~~~~~~~~~~~~~~~~~~~~~#####################
#########################################.............................................lllllllllllllllllllll.................~~~~~~~~~~~~~~~~~~~~~~#####################
##########################################............................................llllllllllllllllllll..................~~~~~~~~~~~~~~~~~~~~~~#####################
###########################################...........................................lllllllllllllllllll...................~~~~~~~~~~~~~~~~~~~~~~#####################
############################################..........................................llllllllllllllllll....................~~~~~~~~~~~~~~~~~~~~~~#####################
#############################################.........................................lllllllllllllllll.....................~~~~~~~~~~~~~~~~~~~~~~#####################
##############################################........................................llllllllllllllll......................~~~~~~~~~~~~~~~~~~~~~~#####################
###############################################.......................................lllllllllllllll.......................~~~~~~~~~~~~~~~~~~~~~~#####################
################################################......................................llllllllllllll........................~~~~~~~~~~~~~~~~~~~~~~#####################
#################################################...............................................................~~~~~~~~~~~~~~~~~~~~~~#####################
##################################################...............................................................~~~~~~~~~~~~~~~~~~~~~~#####################
###################################################...............................................................~~~~~~~~~~~~~~~~~~~~~~#####################
####################################################...................................l............................~~~~~~~~~~~~~~~~~~~~~~#####################
#####################################################...............................................................~~~~~~~~~~~~~~~~~~~~~~#####################
######################################################...............................................................~~~~~~~~~~~~~~~~~~~~~~#####################
#######################################################...............................................................~~~~~~~~~~~~~~~~~~~~~~#####################
########################################################..............................pppppppppppppppppppppppppppppppppppppppppppppppp................................~~~~~~~~~~~~~~~~~~~~~~#####################
#########################################################.............................eeeeeeeeeee.ppppppppppppppppppppppppppppppppppppppppppppppppp.................................~~~~^~~~~~~~~~~~~~~~~~#####################
##########################################################............................eeeeeeeeeeee.pppppppppppppppppppppppppppppppppppppppppppppppppp.~~~~~~~~~~~~~~~~~~~~######################
###########################################################...........................eeeeeeeeeeeee.ppppppppppppppppppppppppppppppppppppppppppppppppppp.~~~~~~~~~~~~~~~~~~#######################
###########################################################...........................eeeeeeeeeeeeee.pppppppppppppppppppppppppppppppppppppppppppppppppppppppppppppppppppppppppppppppppppppppppp..~~~~~~~~~~~~~~~~########################
###########################################################.......................................eeeeeeeeeeeeeee.ppppppppppppppppppppppppppppppppppppppppppppppppppppppppppppppppppppppppppppppppppppppppppp..~~~~~~~~~~~~~~#########################
###########################################################............................eeeeeeeeeeeeeee.pppppppppppppppppppppppppppppppppppppppppppppppppppppppppppppppppppppppppppppppppppppppppppp.g.............##########################
###########################################################..............................eeeeeeeeeeeeeee.pppppppppppppppppppppppppppppppppppppppppppppppPppppppppppppppppppppppppppppppppppppppppppppp.............###########################
##########################################################eeeeeeeeeeeeeeee.pppppppppppppppppppppppppppppppppppppppppppppppppppppppppppppppppppppppppppppppppppppppppppp............############################
#########################################################eeeeeeeeeeeeeeeee.ppppppppppppppppppppppppppppppppppppppppppppppppppppppppppppppppppppppppppppppppppppppppppp...........#############################
#####################...................................eeeeeeeeeeeeeeeeee.pppppppppppppppppppppppppppppppppppppppppppppppppppppppppppppppppppppppppppppppppppppppppp..........##############################
####################.ssssssssssssssssssssssssssssssssssseeeeeeeeeeeeeeeeeee.ppppppppppppppppppppppppppppppppppppppppppppppppppppppppppppppppppppppppppppppppppppppppp.........###############################
###################.sssssssssssssssssssssssssssssssssssseeeeeeeeeeeeeeeeeeee.pppppppppppppppppppppppppppppppppppppppppppppppppppppppppppppppppppppppppppppppppppppppp........################################
...................ssssssssssssssssssssssssssssssssssssseeeeeeeeeeeeeeeeeeeee.ppppppppppppppppppppppppppppppppppppppppppppppppppppppppppppppppppppppppppppppppppppppp.......#################################
##################.ssssssssssssssssssssssssssssssssssssseeeeeeeeeeeeeeeeeeeeee.pppppppppppppppppppppppppppppppppppppppppppppppppppppppppppppppppppppppppppppppppppppp......##################################
##################.ssssssssssssssssssssssssssssssssssssseeeeeeeeeeeeeeeeeeeeeee.ppppppppppppppppppppppppppppppppppppppppppppppppppppppppppppppppppppppppppppppppppppp.....###################################
##################.ssssssssssssssssssssssssssssssssssssseeeeeeeeeeeeeeeeeeeeeeee.pppppppppppppppppppppppppppppppppppppppppppppppppppppppppppppppppppppppppppppppppppp....####################################
##################.ssssssssssssssssssssssssssssssssssssseeeeeeeeeeeeeeeeeeeeeeeee.ppppppppppppppppppppppppppppppppppppppppppppppppppppppppppppppppppppppppppppppppppp....####################################
##################.ssssssssssssssssssssssssssssssssssssseeeeeeeeeeeeeeeeeeeeeeeeee.pppppppppppppppppppppppppppppppppppppppppppppppppppppppppppppppppppppppppppppp........####################################
##################.ssssssssssssssssssssssssssssssssssssseeeeeeeeeeeeeeeeeeeeeeeeeee.pppppppppppppppppppppppppppppppppppppppppppppppppppppppppppppppppppppppppppp.ddddd....####################################
##################.ssssssssssssssssssssssssssssssssssssseeeeeeeeeeeeeeeeeeeeeeeeeeee.pppppppppppppppppppppppppppppppppppppppppppppppppppppppppppppppppppppppppp.ddddddd....####################################
##################.ssssssssssssssssssssssssssssssssssssseeeeeeeeeeeeeeeeeeeeeeeeeeeee.pppppppppppppppppppppppppppppppppppppppppppppppppppppppppppppppppppppppp.ddddddddd....####################################
##################.ssssssssssssssssssssssssssssssssssssseeeeeeeeeeeeeeeeeeeeeeeeeeeeee.pppppppppppppppppppppppppppppppppppppppppppppppppppppppppppppppppppppp.ddddddddddd....####################################
##################.ssssssssssssssssssssssssssssssssssssseeeeeeeeeeeeeeeeeeeeeeeeeeeeeee.pppppppppppppppppppppppppppppppppppppppppppppppppppppppppppppppppppp.ddddddddddddd....####################################
#################.sssssssssssssssssssssssssssssssssssssseeeeeeeeeeeeeeeeeeeeeeeeeeeeeeee.pppppppppppppppppppppppppppppppppppppppppppppppppppppppppppppppppp.ddddddddddddddd....####################################
################.ssssssssssssssssssssssssssssssssssssssseeeeeeeeeeeeeeeeeeeeeeeeeeeeeeeee.pppppppppppppppppppppppppppppppppppppppppppppppppppppppppppppppp.ddddddddddddddddd....####################################
###############.sssssssssssssssssssssssssssssssssssssssseeeeeeeeeeeeeeeeeeeeeeeeeeeeeeeeee.pppppppppppppppppppppppppppppppppppppppppppppppppppppppppppppp.ddddddddddddddddddd....####################################
##############.ssssssssssssssssssssssssssssssssssssssssseeeeeeeeeeeeeeeeeeeeeeeeeeeeeeeeeee.pppppppppppppppppppppppppppppppppppppppppppppppppppppppppppp.ddddddddddddddddddddd.........................####################################
#############.sssssssssssssssssssssssssssssssssssssssssseeeeeeeeeeeeeeeeeeeeeeeeeeeeeeeeeeee.pppppppppppppppppppppppppppppppppppppppppppppppppppppppppp.ddddddddddddddddddddddd.wwwwwwwwwwwwwwwwwwwwww....####################################
############.ssssssssssssssssssssssssssssssssssssssssssseeeeeeeeeeeeeeeeeeeeeeeeeeeeeeeeeeeee.pppppppppppppppppppppppppppppppppppppppppppppppppppppppp.dddddddddddddddddddddddd..wwwwwwwwwwwwwwwwwwwwwwww....####################################
###########.sssssssssssssssssssssssssssssssssssssssssssseeeeeeeeeeeeeeeeeeeeeeeeeeeeeeeeeeeeee.pppppppppppppppppppppppppppppppppppppppppppppppppppppp.ddddddddddddddddddddddddd...wwwwwwwwwwwwwwwwwwwwwwwwww....##################################..
##########.ssssssssssssssssssssssssssssssssssssssssssssseeeeeeeeeeeeeeeeeeeeeeeeeeeeeeeeeeeeeee.ppppppppppppppppppppppppppppp........................dddddddddddddddddddddddddd....wwwwwwwwwwwwwwwwwwwwwwwwwwww....#################################.##
#########.sssssssssssssssssssssssssssssssssssssssssssssseeeeeeeeeeeeeeeeeeeeeeeeeeeeeeeeeeeeeeeerrrrrrrrrrrrrrrrrrrrrrrppppp..dddddddddddddddddddddddddd.....wwwwwwwwwwwwwwwwwwwwwwwwwwwwww....################################.###
########.ssssssssssssssssssssssssssssssssssssssssssssssseeeeeeeeeeeeeeeeeeeeeeeeeeeeeeeeeeeeeeeerrrrrrrrrrrrrrrrrrrrrrrrrrrr.dddddddddddddddddddddddddd......wwwwwwwwwwwwwwwwwwwwwwwwwwwwwwww....###############################.####
#######.sssssssssssssssssssssssssssssssssssssssssssssssseeeeeeeeeeeeeeeeeeeeeeeeeeeeeeeeeeeeeeeerrrrrrrrrrrrrrrrrrrrrrrrrrrr.dddddddddddddddddddddddddd........wwwwwwwwwwwwwwwwwwwwwwwwwwwwwwwwww....##############################.#####
######.ssssssssssssssssssssssssssssssssssssssssssssssssseeeeeeeeeeeeeeeeeeeeeeeeeeeeeeeeeeeeeeeerrrrrrrrrrrrrrrrrrrrrrrrrrrr.dddddddddddddddddddddddddd........wwwwwwwwwwwwwwwwwwwwwwwwwwwwwwwwwww....#############################.######
#####.sssssssssssssssssssssssssssssssssssssssssssssssssseeeeeeeeeeeeeeeeeeeeeeeeeeeeeeeeeeeeeeeerrrrrrrrrrrrrrrrrrrrrrrrrrrr.dddddddddddddddddddddddddd........wwwwwwwwwwwwwwwwwwwwwwwwwwwwwwwwwwww....############################.#######
####.ssssssssssssssssSssssssssssssssssssssssssssssssssssjeeeeeeeeeeeeeeeeeeeeeeeeeeeeeeeeeeeeeeeerrrrrrrrrrrrrrrrrrrrrrrrrrrr.dddddddddddddddddddddddddd........wwwwwwwwwwwwwwwwwwwwwwwwwwwwwwwwwwwww................................########
####.ssssssssssssssssssssssssssssssssssssssssssssssssssseeeeeeeeeeeeeeeeeeeeeeeeeeeeeeeeeeeeeeeeerrrrrrrrrrrrrrrrrrrrrrrrrrrr.dddddddddddddddddddddddddd........wwwwwwwwwwwwwwwwwwwwwwwwwwwwwwwwwwwwww...kkkkkkkkkkkkkkkkkkkkkkkkkkkk.########
####.ssssssssssssssssssssssssssssssssssssssssssssssssssseeeeeeeeeeeeeeeeeeeeeeeeeeeeeeeeeeeeeeeeeerrrrrrrrrrrrrrrrrrrrrrrrrrrr.dddddddddddddddddddddddddd........wwwwwwwwwwwwwwwwwwwwwwwwwwwwwwwwwwwwwww..kkkkkkkkkkkkkkkkkkkkkkkkkkkkk.########
####.sssssssssssssssssssssssssssssssssssssssssssssssssss..eeeeeeeeeeeeeeeeeeeeeeeeeeeeeeeeeeeeeeeeeeerrrrrrrrrrrrrrrrrrrrrrrrrrrr.dddddddddddddddddddddddddd........wwwwwwwwwwwwwwwwwwwwwwwwwwwwwwwwwwwwwwww.kkkkkkkkkkkkkkkkkkkkkkkkkkkkkk.########
####.ssssssssssssssssssssssssssssssssssssssssssssssssss###.eeeeeeeeeeeeeeeeeeeeeeeeeeeeeeeeeeeeeeeeeeeerrrrrrrrrrrrrrrrrrrrrrrrrrrr.dddddddddddddddddddddddddd........wwwwwwwwwwwwwwwwwwwwwwwwwwwwwwwwwwwwwwwww.kkkkkkkkkkkkkkkkkkkkkkkkkkkkkkk.########
####.sssssssssssssssssssssssssssssssssssssssssssssssss#####.eeeeeeeeeeeeeeeeeeeeeeeeeeeeeeeeeeeeeeeeeeeeerrrrrrrrrrrrrrrrrrrrrrrrrrrr.dddddddddddddddddddddddddd........wwwwwwwwwwwwwwwwwwwwwwwwwwwwwwwwwwwwwwwwww.kkkkkkkkkkkkkkkkkkkkkkkkkkkkkkkk.########
####.ssssssssssssssssssssssssssssssssssssssssssssssss#######.eeeeeeeeeeeeeeeeeeeeeeeeeeeeeeeeeeeeeeeeeeeeeerrrrrrrrrrrrrrrrrrrrrrrrrrrr.dddddddddddddddddddddddddd........wwwwwwwwwwwwwwwwwwwwwwwwwwwwwwwwwwwwwwwwwww.kkkkkkkkkkkkkkkkkkkkkkkkkkkkkkkkk.########
####.sssssssssssssssssssssssssssssssssssssssssssssss#########.eeeeeeeeeeeEeeeeeeeeeeeeeeeeeeeeeeeeeeeeeeeeeeerrrrrrrrrrrrrrrrrrrrrrrrrrrr.dddddddddddddddddddddddddd........wwwwwwwwwwwwwwwwwwwwwwwwwwwwwwwwwwwwwwwwwwww.kkkkkkkkkkkkkkkkkkkkkkkkkkkkkkkkkk.########
####.ssssssssssssssssssssssssssssssssssssssssssssss###########.eeeeeeeeeeeeeeeeeeeeeeeeeeeeeeeeeeeeeeeeeeeeeerrrrrrrrrrrrrrrrrrrrrrrrrrrrr.dddddddddddddddddddddddddd........wwwwwwwwwwwwwwwwwwwwwwwwwwwwwwwwwwwwwwwwwwwwwkkkkkkkkkkkkkkkkkkkkkkkkkkkkkkkkkk.########
####.sssssssssssssssssssssssssssssssssssssssssssss#############.eeeeeeeeeeeeeeeeeeeeeeeeeeeeeeeeeeeeeeeeeeeeerrrrrrrrrrrrrrrrrrrrrrrrrrrrrr.dddddddddddddddddddddddddd........wwwwwwwwwwwwwwwwwwwwwwwwwwwwwwwwwwwwwwwwwwwwwkkkkkkkkkkkkkkkkkkkkkkkkkkkkkkkkkk.########
####.ssssssssssssssssssssssssssssssssssssssssssss###############.eeeeeeeeeeeeeeeeeeeeeeeeeeeeeeeeeeeeeeeeeeeerrrrrrrrrrrrrrrrrrrrrrrrrrrrrrr.dddddddddddddddddddddddddd........wwwwwwwwwwwwwwwwwwwwwwwwwwwwwwwwwwwwwwwwwwwwwkkkkkkkkkkkkkkkkkkkkkkkkkkkkkkkkkk.########
####.sssssssssssssssssssssssssssssssssssssssssss#################.eeeeeeeeeeeeeeeeeeeeeeeeeeeeeeeeeeeeeeeeeeerrrrrrrrrrrrrrrrrrrrrrrrrrrrrrrr.dddddddddddddddddddddddddd........wwwwwwwwwwwwwwwwwwwwwwwwwwwwwwwwwwwwwwwwwwwwwkkkkkkkkkkkkkkkkkkkkkkkkkkkkkkkkkk.########
####.ssssssssssssssssssssssssssssssssssssssssss###################.eeeeeeeeeeeeeeeeeeeeeeeeeeeeeeeeeeeeeeeeeerrrrrrrrrrrrrrrrrrrrrrrrrrrrrrrrr.dddddddddddddddddddddddddd........wwwwwwwwwwwwwwwwwwwwwwwwwwwwwwwwwwwwwwwwwwwwwkkkkkkkkkkkkkkkkkkkkkkkkkkkkkkkkkk.########
####.sssssssssssssssssssssssssssssssssssssssss#####################..eeeeeeeeeeeeeeeeeeeeeeeeeeeeeeeeeeeeeeeerrrrrrrrrrrrrrrrrrrrrrrrrrrrrrrrrr.dddddddddddddddddddddddddd........wwwwwwwwwwwwwwwwwwwwwwwwwwwwwwwwwwwwwwwwwwwwwkkkkkkkkkkkkkkkkkkkkkkkkkkkkkkkkkk.########
####.ssssssssssssssssssssssssssssssssssssssss#######################..eeeeeeeeeeeeeeeeeeeeeeeeeeeeeeeeeeeeeerrrrrrrrrrrrrrrrrrrrrrrrrrrrrrrrrrr.dddddddddddddddddddddddddd........wwwwwwwwwwwwwwwwwwwwwwwwwwwwwwwwwwwwwwwwwwwwwkkkkkkkkkkkkkkkkkkkkkkkkkkkkkkkkkk.########
####.sssssssssssssssssssssssssssssssssssssss#########################..eeeeeeeeeeeeeeeeeeeeeeeeeeeeeeeeeeeerrrrrrrrrrrrrrrrrrrrrrrrrrrrrrrrrrrr.dddddddddddddddddddddddddd........wwwwwwwwwwwwwwwwwwwwwwwwwwwwwwwwwwwwwwwwwwwwwkkkkkkkkkkkkkkkkkkkkkkkkkkkkkkkkkk.########
####.ssssssssssssssssssssssssssssssssssssss###########################..eeeeeeeeeeeeeeeeeeeeeeeeeeeeeeeeeerrrrrrrrrrrrrrrrrrrrrrrrrrrrrrrrrrrrr.dddddddddddddddddddddddddd........wwwwwwwwwwwwwwwwwwwwwwwwwwwwwwwwwwwwwwwwwwwwwkkkkkkkkkkkkkkkkkkkkkkkkkkkkkkkkkk.########
####.sssssssssssssssssssssssssssssssssssss#############################.eeeeeeeeeeeeeeeeeeeeeeeeeeeeeeeerrrrrrrrrrrrrrrrrrrrrrrrrrrrrrrrrrrrrr.dddddddddddddddddddddddddd........wwwwwwwwwwwwwwwwwwwwwwwwwwwwwwwwwwwwwwwwwwwwwkkkkkkkkkkkkkkkkkkkkkkkkkkkkkkkkkk.########
####.ssssssssssssssssssssssssssssssssssss##############################.eeeeeeeeeeeeeeeeeeeeeeeeeeeeeerrrrrrrrrrrrrrrrrrrrrrrrrrrrrrrrrrrrrrr.dddddddddddddddddddddddddd........wwwwwwwwwwwwwwwwwwwwwwwwwwwwwwwwwwwwwwwwwwwwwkkkkkkkkkkkkkkkkkkkkkkkkkkkkkkkkkk.########
####.sssssssssssssssssssssssssssssssssss###############################.eeeeeeeeeeeeeeeeeeeeeeeeeeeerrrrrrrrrrrrrrrrrrrrrrrrrrrrrrrrrrrrrrrr.dddddddddddddddddddddddddd........wwwwwwwwwwwwwwwwwwwwwwwwwwwwwwwwwwwwwwwwwwwwwkkkkkkkkkkkkkkkkkkkkkkkkkkkkkkkkkk.########
####.ssssssssssssssssssssssssssssssssss################################.eeeeeeeeeeeeeeeeeeeeeeeeeerrrrrrrrrrrrrrrrrrrrrrrrrrrrrrrrrrrRrrrrr.dddddddddddddddddddddddddd........wwwwwwwwwwwwwwwwwwwwwwwwwwwwwwwwwwwwwwwwwwwwwkkkkkkkkkkkkkkkkkkkkkkkkkkkkkkkkkk.########
####.......sssssssssssssssssssssssssss#################################.eeeeeeeeeeeeeeeeeeeeeeeeerrrrrrrrrrrrrrrrrrrrrrrrrrrrrrrrrrrrrrrr.dddddddddddddddddddddddddd........wwwwwwwwwwwwwwwwwwwwwwwwwwwwwwwwwwwwwwwwwwwwwkkkkkkkkkkkkkkkkkkkkkkkkKkkkkkkkkk.########
###.#######.sssssssssssssssssssssssss##################################.eeeeeeeeeeeeeeeeeeeeeeeerrrrrrrrrrrrrrrrrrrrrrrrrrrrrrrrrrrrrrr.dddddddddddddddddddddddddd........wwwwwwwwwwwwwwwwwwwwwwwwwwwwwwwwwwwwwwwwwwwwwwkkkkkkkkkkkkkkkkkkkkkkkkkkkkkkkk.#########
##.#########.sssssssssssssssssssssss###################################.eeeeeeeeeeeeeeeeeeeeeeerrrrrrrrrrrrrrrrrrrrrrrrrrrrrrrrrrrrrr.dddddddddddddddddddddddddd........wwwwwwwwwwwwwwwwwwwwwwwwwwwwwwwwwwwwwwwwwwwwwwwkkkkkkkkkkkkkkkkkkkkkkkkkkkkkk.##########
..###########.sssssssssssssssssssss####################################.......................rrrrrrrrrrrrrrrrrrrrrrrrrrrrrrrrrrrrrb.dddddddddddddddddddddddddd........wwwwwwwwwwwwwwwwwwwwwwwwwwwwwwwwwwwwwwwwwwwwwwwwkkkkkkkkkkkkkkkkkkkkkkkkkkkk.###########
##############.sssssssssssssssssss#####################################rrrrrrrrrrrrrrrrrrrrrrrrrrrrrrrrrrrr.ddddddddddddddddddddddddddd........wwwwwwwwwwwwwwwwwwwwwwwwwwwwwwwwwwwwwwwwwwwwwwwwwkkkkkkkkkkkkkkkkkkkkkkkkkkk.###########
###############.sssssssssssssssss######################################rrrrrrrrrrrrrrrrrrrrrrrrrrrrrrrrrrr.dddddddddddddddddddddddddddd........wwwwwwwwwwwwwwwwwwwwwwwwwwwwwwwwwwwwwwwwwwwwwwwwwwkkkkkkkkkkkkkkkkkkkkkkkkkk.###########
################.sssssssssssssss#######################################rrrrrrrrrrrrrrrrrrrrrrrrrrrrrrrrrr........ddddddddddddddddddddddddddddd........wwwwwwwwwwwwwwwwwwwwwwwwwwwwwwwwwwwwwwwwwwwwwwwwwwwkkkkkkkkkkkkkkkkkkkkkkkkk.###########
#################.sssssssssssss########################################rrrrrrrrrrrrrrrrrrrrrrrrrrrrrrrrr..ddddddddddddddddddddddddddddd........wwwwwwwwwwwwwwwwwwwwwwwwwwwWwwwwwwwwwwwwwwwwwwwwwwwwkkkkkkkkkkkkkkkkkkkkkkkk.###########
##################.sssssssssss#########################################`rrrrrrrrrrrrrrrrrrrrrrrrrrrrrrrr..ddddddddddddddddddddddddddddd.........wwwwwwwwwwwwwwwwwwwwwwwwwwwwwwwwwwwwwwwwwwwwwwwwwwwkkkkkkkkkkkkkkkkkkkkkkkk.###########
###################.sssssssss###########################################rrrrrrrrrrrrrrrrrrrrrrrrrrrrrrrr..ddddddddddddddddddddddddddddd..........wwwwwwwwwwwwwwwwwwwwwwwwwwwwwwwwwwwwwwwwwwwwwwwwwwkkkkkkkkkkkkkkkkkkkkkkkk.###########
####################.sssssss#############################################rrrrrrrrrrrrrrrrrrrrrrrrrrrrrrrr..ddddddddddddddddddddddddddddd...........wwwwwwwwwwwwwwwwwwwwwwwwwwwwwwwwwwwwwwwwwwwwwwwwwkkkkkkkkkkkkkkkkkkkkkkkk.###########
#####################......###############################################rrrrrrrrrrrrrrrrrrrrrrrrrrrrrrrr..ddddddddddddddddddddddddddddd............wwwwwwwwwwwwwwwwwwwwwwwwwwwwwwwwwwwwwwwwwwwwwwwwkkkkkkkkkkkkkkkkkkkkkkkk.###########
###########################################################################rrrrrrrrrrrrrrrrrrrrrrrrrrrrrrrr..ddddddddddddddddddddddddddddd.............wwwwwwwwwwwwwwwwwwwwwwwwwwwwwwwwwwwwwwwwwwwwwwwkkkkkkkkkkkkkkkkkkkkkkkk.###########
############################################################################rrrrrrrrrrrrrrrrrrrrrrrrrrrrrrrr..dddddddddddddddDddddddddddddd..............wwwwwwwwwwwwwwwwwwwwwwwwwwwwwwwwwwwwwwwwwwwwwwkkkkkkkkkkkkkkkkkkkkkkkk.###########
#############################################################################rrrrrrrrrrrrrrrrrrrrrrrrrrrrrrrr..ddddddddddddddddddddddddddd.###############wwwwwwwwwwwwwwwwwwwwwwwwwwwwwwwwwwwwwwwwwwwwwkkkkkkkkkkkkkkkkkkkkkkkk.###########
##############################################################################rrrrrrrrrrrrrrrrrrrrrrrrrrrrrrrr..ddddddddddddddddddddddddd.#################wwwwwwwwwwwwwwwwwwwwwwwwwwwwwwwwwwwwwwwwwwwwkkkkkkkkkkkkkkkkkkkkkkkk.###########
###############################################################################rrrrrrrrrrrrrrrrrrrrrrrrrrrrrrrr..ddddddddddddddddddddddd.###################wwwwwwwwwwwwwwwwwwwwwwwwwwwwwwwwwwwwwwwwwwwkkkkkkkkkkkkkkkkkkkkkkkk.###########
################################################################################rrrrrrrrrrrrrrrrrrrrrrrrrrrrrrrr..ddddddddddddddddddddd.#####################wwwwwwwwwwwwwwwwwwwwwwwwwwwwwwwwwwwwwwwwww.kkkkkkkkkkkkkkkkkkkkkkk.###########
#################################################################################rrrrrrrrrrrrrrrrrrrrrrrrrrrrrrrr..ddddddddddddddddddd.#######################wwwwwwwwwwwwwwwwwwwwwwwwwwwwwwwwwwwwwwww.kkkkkkkkkkkkkkkkkkkkkk.###########
#################################################################################rrrrrrrrrrrrrrrrrrrrrrrrrrrrrrrr.......ddddddddddddddddd.#########################wwwwwwwwwwwwwwwwwwwwwwwwwwwwwwwwwwwwww.kkkkkkkkkkkkkkkkkkkkk.###########
#################################################################################rrrrrrrrrrrrrrrrrrrrrrrrrrrrrrr.ddddddddddddddd.###########################wwwwwwwwwwwwwwwwwwwwwwwwwwwwwwwwwwww.kkkkkkkkkkkkkkkkkkkk.###########
#################################################################################..ddddddddddddd.#############################wwwwwwwwwwwwwwwwwwwwwwwwwwwwwwwwww.kkkkkkkkkkkkkkkkkkk.###########
#################################################################################.d.ddddddddddd.###############################wwwwwwwwwwwwwwwwwwwwwwwwwwwwwwww.kkkkkkkkkkkkkkkkkk.###########
#################################################################################........................###########################################.dddddddddd.#################################wwwwwwwwwwwwwwwwwwwwwwwwwwwwww.kkkkkkkkkkkkkkkkk.###########
#################################################################################.####################################################################.ddddddddd.###################################wwwwwwwwwwwwwwwwwwwwwwwwwwww.kkkkkkkkkkkkkkkk.###########
#################################################################################.######################################################################.dddddddd.#####################################wwwwwwwwwwwwwwwwwww#######..kkkkkkkkkkkkkkk.###########
#################################################################################.########################################################################.ddddddd.#######################################wwwwwwwwwwwwwwwww########..kkkkkkkkkkkkkk.###########
#################################################################################.##########################################################################........#########################################wwwwwwwwwwwwwww#########..kkkkkkkkkkkkk.###########
#################################################################################.############################################################################........#########################################wwwwwwwwwwwwww##########..kkkkkkkkkkkk........####
#################################################################################.##############################################################################........#########################################wwwwwwwwwwwww###########..kkkkkkkkkk.########.###
#################################################################################.################################################################################........#########################################wwwwwwwwwwww############..kkkkkkkk.##########.##
#################################################################################.##################################################################################........#########################################wwwwwwwwwww#############..kkkkkk.############..
#################################################################################.####################################################################################........#########################################wwwwwwwwww##############..kkkk.###############
#################################################################################.######################################################################################################.......#########################################wwwwwwwww###############..kk.################
#################################################################################.#######################################################################################################.......#########################################wwwwwwww################...#################
#################################################################################.########################################################################################################.......########################################.########################..#################
#################################################################################.#########################################################################################################.......#######################################.#########################..#################
#################################################################################..............##########################################################################################################.......######################################.##########################..#################
#########################################################################################################################################################################################################.......#####################################.###########################..#################
#########################################################################################################################################################################################################.......####################################.############################..#################
#########################################################################################################################################################################################################.......###################################.#############################..#################
#########################################################################################################################################################################################################.......##################################.##############################..#################
#########################################################################################################################################################################################################.......#################################.###############################..#################
#########################################################################################################################################################################################################.......################################.################################..#################
#########################################################################################################################################################################################################.......###############################.#################################..#################
#########################################################################################################################################################################################################.......##############################.##################################..#################
#########################################################################################################################################################################################################.......#############################.###################################..#################
#########################################################################################################################################################################################################.......############################.####################################..#################
#########################################################################################################################################################################################################.......###########################.#####################################..#################
#########################################################################################################################################################################################################.......##########################.######################################..#################
#########################################################################################################################################################################################################.......#########################.#######################################..#################
#########################################################################################################################################################################################################.......########################.########################################.a.#################
#########################################################################################################################################################################################################.......#######################.##########################################..##################
#########################################################################################################################################################################################################.......#######################.##########################################.................###################
#########################################################################################################################################################################################################.......#######################.##########################################........###############.###################
#########################################################################################################################################################################################################.......#######################.#########################################.#######################.###################
#########################################################################################################################################################################################################.......#######################.########################################.########################.###################
#########################################################################################################################################################################################################.......#######################.########################################.########################.###################
Part 1: 4589
